All In One Videos/build/outputs/logs/manifest-merger-debug-report.txt
-- Merging decision tree log ---
manifest
ADDED from Android Code/All In One Videos/AndroidManifest.xml:2:1-131:12
	package
		ADDED from Android Code/All In One Videos/AndroidManifest.xml:3:5-42
	android:versionName
		ADDED from Android Code/All In One Videos/AndroidManifest.xml:5:5-30
		INJECTED from Android Code/All In One Videos/AndroidManifest.xml
		INJECTED from Android Code/All In One Videos/AndroidManifest.xml
	android:versionCode
		ADDED from Android Code/All In One Videos/AndroidManifest.xml:4:5-28
		INJECTED from Android Code/All In One Videos/AndroidManifest.xml
		INJECTED from Android Code/All In One Videos/AndroidManifest.xml
	xmlns:android
		ADDED from Android Code/All In One Videos/AndroidManifest.xml:2:11-69
uses-sdk
ADDED from Android Code/All In One Videos/AndroidManifest.xml:7:5-9:41
MERGED from [Android Code:actionbarsherlock:unspecified] AndroidManifest.xml:7:5-9:41
MERGED from [Android Code:google-play-services_lib:unspecified] AndroidManifest.xml:7:5-43
	android:targetSdkVersion
		ADDED from Android Code/All In One Videos/AndroidManifest.xml:9:9-38
	android:minSdkVersion
		ADDED from Android Code/All In One Videos/AndroidManifest.xml:8:9-34
uses-permission#android.permission.ACCESS_NETWORK_STATE
ADDED from Android Code/All In One Videos/AndroidManifest.xml:11:5-79
	android:name
		ADDED from Android Code/All In One Videos/AndroidManifest.xml:11:22-76
uses-permission#android.permission.INTERNET
ADDED from Android Code/All In One Videos/AndroidManifest.xml:12:5-67
	android:name
		ADDED from Android Code/All In One Videos/AndroidManifest.xml:12:22-64
uses-permission#android.permission.WRITE_EXTERNAL_STORAGE
ADDED from Android Code/All In One Videos/AndroidManifest.xml:13:5-81
	android:name
		ADDED from Android Code/All In One Videos/AndroidManifest.xml:13:22-78
uses-permission#android.permission.ACCESS_WIFI_STATE
ADDED from Android Code/All In One Videos/AndroidManifest.xml:14:5-76
	android:name
		ADDED from Android Code/All In One Videos/AndroidManifest.xml:14:22-73
uses-permission#android.permission.SYSTEM_ALERT_WINDOW
ADDED from Android Code/All In One Videos/AndroidManifest.xml:15:5-78
	android:name
		ADDED from Android Code/All In One Videos/AndroidManifest.xml:15:22-75
uses-permission#android.permission.GET_TASKS
ADDED from Android Code/All In One Videos/AndroidManifest.xml:16:5-68
	android:name
		ADDED from Android Code/All In One Videos/AndroidManifest.xml:16:22-65
uses-permission#android.permission.RECEIVE_BOOT_COMPLETED
ADDED from Android Code/All In One Videos/AndroidManifest.xml:17:5-81
	android:name
		ADDED from Android Code/All In One Videos/AndroidManifest.xml:17:22-78
uses-permission#android.permission.VIBRATE
ADDED from Android Code/All In One Videos/AndroidManifest.xml:18:5-66
	android:name
		ADDED from Android Code/All In One Videos/AndroidManifest.xml:18:22-63
uses-permission#android.permission.WAKE_LOCK
ADDED from Android Code/All In One Videos/AndroidManifest.xml:19:5-68
	android:name
		ADDED from Android Code/All In One Videos/AndroidManifest.xml:19:22-65
uses-permission#android.permission.GET_ACCOUNTS
ADDED from Android Code/All In One Videos/AndroidManifest.xml:20:5-71
	android:name
		ADDED from Android Code/All In One Videos/AndroidManifest.xml:20:22-68
uses-permission#com.google.android.c2dm.permission.RECEIVE
ADDED from Android Code/All In One Videos/AndroidManifest.xml:21:5-82
	android:name
		ADDED from Android Code/All In One Videos/AndroidManifest.xml:21:22-79
permission#com.viaviapp.allinonevideos.permission.C2D_MESSAGE
ADDED from Android Code/All In One Videos/AndroidManifest.xml:23:5-25:47
	android:protectionLevel
		ADDED from Android Code/All In One Videos/AndroidManifest.xml:25:9-44
	android:name
		ADDED from Android Code/All In One Videos/AndroidManifest.xml:24:9-74
uses-permission#com.viaviapp.allinonevideos.permission.C2D_MESSAGE
ADDED from Android Code/All In One Videos/AndroidManifest.xml:27:5-90
	android:name
		ADDED from Android Code/All In One Videos/AndroidManifest.xml:27:22-87
application
ADDED from Android Code/All In One Videos/AndroidManifest.xml:29:5-129:19
MERGED from [Android Code:actionbarsherlock:unspecified] AndroidManifest.xml:11:5-20
	android:label
		ADDED from Android Code/All In One Videos/AndroidManifest.xml:33:9-41
	android:allowBackup
		ADDED from Android Code/All In One Videos/AndroidManifest.xml:31:9-35
	android:icon
		ADDED from Android Code/All In One Videos/AndroidManifest.xml:32:9-38
	android:theme
		ADDED from Android Code/All In One Videos/AndroidManifest.xml:34:9-51
	android:name
		ADDED from Android Code/All In One Videos/AndroidManifest.xml:30:9-65
activity#com.viaviapp.allinonevideos.SplashActivity
ADDED from Android Code/All In One Videos/AndroidManifest.xml:35:9-43:20
	android:label
		ADDED from Android Code/All In One Videos/AndroidManifest.xml:37:13-45
	android:name
		ADDED from Android Code/All In One Videos/AndroidManifest.xml:36:13-70
intent-filter#android.intent.action.MAIN+android.intent.category.LAUNCHER
ADDED from Android Code/All In One Videos/AndroidManifest.xml:38:13-42:29
action#android.intent.action.MAIN
ADDED from Android Code/All In One Videos/AndroidManifest.xml:39:17-69
	android:name
		ADDED from Android Code/All In One Videos/AndroidManifest.xml:39:25-66
category#android.intent.category.LAUNCHER
ADDED from Android Code/All In One Videos/AndroidManifest.xml:41:17-77
	android:name
		ADDED from Android Code/All In One Videos/AndroidManifest.xml:41:27-74
activity#com.viaviapp.allinonevideos.MainActivity
ADDED from Android Code/All In One Videos/AndroidManifest.xml:44:9-47:20
	android:configChanges
		ADDED from Android Code/All In One Videos/AndroidManifest.xml:46:13-74
	android:name
		ADDED from Android Code/All In One Videos/AndroidManifest.xml:45:13-68
activity#com.viaviapp.allinonevideos.CategoryItem
ADDED from Android Code/All In One Videos/AndroidManifest.xml:48:9-51:20
	android:configChanges
		ADDED from Android Code/All In One Videos/AndroidManifest.xml:50:13-74
	android:name
		ADDED from Android Code/All In One Videos/AndroidManifest.xml:49:13-68
activity#com.viaviapp.allinonevideos.VideoPlay
ADDED from Android Code/All In One Videos/AndroidManifest.xml:52:9-55:20
	android:configChanges
		ADDED from Android Code/All In One Videos/AndroidManifest.xml:54:13-74
	android:name
		ADDED from Android Code/All In One Videos/AndroidManifest.xml:53:13-65
activity#com.viaviapp.allinonevideos.AboutActivity
ADDED from Android Code/All In One Videos/AndroidManifest.xml:56:9-57:20
	android:name
		ADDED from Android Code/All In One Videos/AndroidManifest.xml:56:19-75
activity#com.example.play.OpenYouTubePlayerActivity
ADDED from Android Code/All In One Videos/AndroidManifest.xml:58:9-64:20
	android:screenOrientation
		ADDED from Android Code/All In One Videos/AndroidManifest.xml:62:13-50
	android:label
		ADDED from Android Code/All In One Videos/AndroidManifest.xml:61:13-45
	android:configChanges
		ADDED from Android Code/All In One Videos/AndroidManifest.xml:60:13-48
	android:theme
		ADDED from Android Code/All In One Videos/AndroidManifest.xml:63:13-55
	android:name
		ADDED from Android Code/All In One Videos/AndroidManifest.xml:59:13-70
meta-data#com.google.android.gms.version
ADDED from Android Code/All In One Videos/AndroidManifest.xml:66:9-68:69
	android:value
		ADDED from Android Code/All In One Videos/AndroidManifest.xml:68:13-66
	android:name
		ADDED from Android Code/All In One Videos/AndroidManifest.xml:67:13-58
activity#com.google.android.gms.ads.AdActivity
ADDED from Android Code/All In One Videos/AndroidManifest.xml:71:9-73:125
	android:configChanges
		ADDED from Android Code/All In One Videos/AndroidManifest.xml:73:13-122
	android:name
		ADDED from Android Code/All In One Videos/AndroidManifest.xml:72:13-65
activity#com.startapp.android.publish.list3d.List3DActivity
ADDED from Android Code/All In One Videos/AndroidManifest.xml:77:9-80:52
	android:theme
		ADDED from Android Code/All In One Videos/AndroidManifest.xml:80:13-49
	android:taskAffinity
		ADDED from Android Code/All In One Videos/AndroidManifest.xml:79:13-71
	android:name
		ADDED from Android Code/All In One Videos/AndroidManifest.xml:78:13-78
activity#com.startapp.android.publish.AppWallActivity
ADDED from Android Code/All In One Videos/AndroidManifest.xml:81:9-85:64
	android:configChanges
		ADDED from Android Code/All In One Videos/AndroidManifest.xml:83:13-63
	android:theme
		ADDED from Android Code/All In One Videos/AndroidManifest.xml:85:13-61
	android:taskAffinity
		ADDED from Android Code/All In One Videos/AndroidManifest.xml:84:13-71
	android:name
		ADDED from Android Code/All In One Videos/AndroidManifest.xml:82:13-72
activity#com.example.youtube.YoutubePlay
ADDED from Android Code/All In One Videos/AndroidManifest.xml:88:9-91:20
	android:configChanges
		ADDED from Android Code/All In One Videos/AndroidManifest.xml:90:13-74
	android:name
		ADDED from Android Code/All In One Videos/AndroidManifest.xml:89:13-59
activity#com.example.dailymotion.DailyMotionPlay
ADDED from Android Code/All In One Videos/AndroidManifest.xml:93:9-97:20
	android:configChanges
		ADDED from Android Code/All In One Videos/AndroidManifest.xml:95:13-74
	android:theme
		ADDED from Android Code/All In One Videos/AndroidManifest.xml:96:13-66
	android:name
		ADDED from Android Code/All In One Videos/AndroidManifest.xml:94:13-67
activity#com.example.vimeo.Vimeo
ADDED from Android Code/All In One Videos/AndroidManifest.xml:100:9-104:20
	android:configChanges
		ADDED from Android Code/All In One Videos/AndroidManifest.xml:102:13-74
	android:theme
		ADDED from Android Code/All In One Videos/AndroidManifest.xml:103:13-66
	android:name
		ADDED from Android Code/All In One Videos/AndroidManifest.xml:101:13-51
service#com.parse.PushService
ADDED from Android Code/All In One Videos/AndroidManifest.xml:106:9-57
	android:name
		ADDED from Android Code/All In One Videos/AndroidManifest.xml:106:18-54
receiver#com.parse.ParseBroadcastReceiver
ADDED from Android Code/All In One Videos/AndroidManifest.xml:108:9-113:20
	android:name
		ADDED from Android Code/All In One Videos/AndroidManifest.xml:108:19-66
intent-filter#android.intent.action.BOOT_COMPLETED+android.intent.action.USER_PRESENT
ADDED from Android Code/All In One Videos/AndroidManifest.xml:109:13-112:29
action#android.intent.action.BOOT_COMPLETED
ADDED from Android Code/All In One Videos/AndroidManifest.xml:110:17-79
	android:name
		ADDED from Android Code/All In One Videos/AndroidManifest.xml:110:25-76
action#android.intent.action.USER_PRESENT
ADDED from Android Code/All In One Videos/AndroidManifest.xml:111:17-77
	android:name
		ADDED from Android Code/All In One Videos/AndroidManifest.xml:111:25-74
receiver#com.parse.GcmBroadcastReceiver
ADDED from Android Code/All In One Videos/AndroidManifest.xml:114:9-128:20
	android:permission
		ADDED from Android Code/All In One Videos/AndroidManifest.xml:116:13-73
	android:name
		ADDED from Android Code/All In One Videos/AndroidManifest.xml:115:13-58
intent-filter#com.google.android.c2dm.intent.RECEIVE+com.google.android.c2dm.intent.REGISTRATION+com.viaviapp.allinonevideos
ADDED from Android Code/All In One Videos/AndroidManifest.xml:117:13-127:29
action#com.google.android.c2dm.intent.RECEIVE
ADDED from Android Code/All In One Videos/AndroidManifest.xml:118:17-81
	android:name
		ADDED from Android Code/All In One Videos/AndroidManifest.xml:118:25-78
action#com.google.android.c2dm.intent.REGISTRATION
ADDED from Android Code/All In One Videos/AndroidManifest.xml:119:17-86
	android:name
		ADDED from Android Code/All In One Videos/AndroidManifest.xml:119:25-83
category#com.viaviapp.allinonevideos
ADDED from Android Code/All In One Videos/AndroidManifest.xml:126:17-72
	android:name
		ADDED from Android Code/All In One Videos/AndroidManifest.xml:126:27-69